<?xml version="1.0" encoding="UTF-8"?>
<!-- Generated by org.testng.reporters.JUnitXMLReporter -->
<testsuite hostname="Keerthi-PC" ignored="0" name="Test-Runner-1" tests="3" failures="0" timestamp="03 May 2019 08:16:14 GMT" time="0.047" errors="0">
  <testcase name="createReportTest" time="0.015" classname="com.acttime.reporttest.ReportTest"/>
  <testcase name="deleteReportTest" time="0.0" classname="com.acttime.reporttest.ReportTest"/>
  <testcase name="modifyReportTest" time="0.0" classname="com.acttime.reporttest.ReportTest"/>
</testsuite> <!-- Test-Runner-1 -->
