<?xml version="1.0" encoding="UTF-8"?>
<!-- Generated by org.testng.reporters.JUnitXMLReporter -->
<testsuite hostname="Keerthi-PC" ignored="0" name="Test-Runner-2" tests="3" failures="0" timestamp="03 May 2019 08:16:14 GMT" time="0.031" errors="0">
  <testcase name="createCustomerTest" time="0.015" classname="com.acttime.customTest.CustomerTest"/>
  <testcase name="deleteCustomerTest" time="0.0" classname="com.acttime.customTest.CustomerTest"/>
  <testcase name="modifyCustomerTest" time="0.0" classname="com.acttime.customTest.CustomerTest"/>
</testsuite> <!-- Test-Runner-2 -->
