<?xml version="1.0" encoding="UTF-8"?>
<!-- Generated by org.testng.reporters.JUnitReportReporter -->
<testsuite skipped="0" hostname="Keerthi-PC" name="com.acttime.customTest.CustomerTest" tests="3" failures="0" timestamp="03 May 2019 08:16:14 GMT" time="0.015" errors="0">
  <testcase name="deleteCustomerTest" time="0.000" classname="com.acttime.customTest.CustomerTest"/>
  <testcase name="createCustomerTest" time="0.015" classname="com.acttime.customTest.CustomerTest"/>
  <testcase name="modifyCustomerTest" time="0.000" classname="com.acttime.customTest.CustomerTest"/>
</testsuite> <!-- com.acttime.customTest.CustomerTest -->
