<?xml version="1.0" encoding="UTF-8"?>
<!-- Generated by org.testng.reporters.JUnitReportReporter -->
<testsuite skipped="0" hostname="Keerthi-PC" name="com.acttime.usertest.UserTest" tests="3" failures="0" timestamp="02 May 2019 07:23:39 GMT" time="0.000" errors="0">
  <testcase name="createUserTest" time="0.000" classname="com.acttime.usertest.UserTest"/>
  <testcase name="deleteUserTest" time="0.000" classname="com.acttime.usertest.UserTest"/>
  <testcase name="modifyUserTest" time="0.000" classname="com.acttime.usertest.UserTest"/>
</testsuite> <!-- com.acttime.usertest.UserTest -->
