<?xml version="1.0" encoding="UTF-8"?>
<!-- Generated by org.testng.reporters.JUnitReportReporter -->
<testsuite skipped="0" hostname="Keerthi-PC" name="com.acttime.customertest.Demo" tests="1" failures="0" timestamp="02 May 2019 06:16:42 GMT" time="0.014" errors="0">
  <testcase name="add" time="0.014" classname="com.acttime.customertest.Demo"/>
</testsuite> <!-- com.acttime.customertest.Demo -->
