<?xml version="1.0" encoding="UTF-8"?>
<!-- Generated by org.testng.reporters.JUnitReportReporter -->
<testsuite skipped="0" hostname="Keerthi-PC" name="com.acttime.reporttest.ReportTest" tests="3" failures="0" timestamp="03 May 2019 08:16:14 GMT" time="0.015" errors="0">
  <testcase name="deleteReportTest" time="0.000" classname="com.acttime.reporttest.ReportTest"/>
  <testcase name="createReportTest" time="0.015" classname="com.acttime.reporttest.ReportTest"/>
  <testcase name="modifyReportTest" time="0.000" classname="com.acttime.reporttest.ReportTest"/>
</testsuite> <!-- com.acttime.reporttest.ReportTest -->
