<?xml version="1.0" encoding="UTF-8"?>
<!-- Generated by org.testng.reporters.JUnitReportReporter -->
<testsuite skipped="0" hostname="Keerthi-PC" name="com.acttime.homepagetest.HomePageTest" tests="2" failures="0" timestamp="03 May 2019 06:01:51 GMT" time="18.112" errors="0">
  <testcase name="homepageVerifyTest" time="10.784" classname="com.acttime.homepagetest.HomePageTest"/>
  <testcase name="homepagelogoImageVerifyTest" time="7.328" classname="com.acttime.homepagetest.HomePageTest"/>
</testsuite> <!-- com.acttime.homepagetest.HomePageTest -->
