<?xml version="1.0" encoding="UTF-8"?>
<!-- Generated by org.testng.reporters.JUnitReportReporter -->
<testsuite skipped="0" hostname="Keerthi-PC" name="com.acttime.genericlib.BaseClass" tests="1" failures="0" timestamp="02 May 2019 06:46:00 GMT" time="9.839" errors="0">
  <testcase name="homepageVerifyTest" time="9.839" classname="com.acttime.genericlib.BaseClass"/>
</testsuite> <!-- com.acttime.genericlib.BaseClass -->
