<?xml version="1.0" encoding="UTF-8"?>
<!-- Generated by org.testng.reporters.JUnitReportReporter -->
<testsuite skipped="0" hostname="Keerthi-PC" name="com.acttime.customertest.CutomerTestObjRepo" tests="2" failures="0" timestamp="07 May 2019 06:22:14 GMT" time="18.468" errors="0">
  <testcase name="createCustomerwithDescTest" time="8.123" classname="com.acttime.customertest.CutomerTestObjRepo"/>
  <testcase name="createCustomerTest" time="10.345" classname="com.acttime.customertest.CutomerTestObjRepo"/>
</testsuite> <!-- com.acttime.customertest.CutomerTestObjRepo -->
