<?xml version="1.0" encoding="UTF-8"?>
<!-- Generated by org.testng.reporters.JUnitReportReporter -->
<testsuite skipped="0" hostname="Keerthi-PC" name="com.acttime.reporttest.GroupExecution" tests="3" failures="0" timestamp="03 May 2019 06:41:31 GMT" time="0.016" errors="0">
  <testcase name="modifyReportTest" time="0.000" classname="com.acttime.reporttest.GroupExecution"/>
  <testcase name="createReportTest" time="0.016" classname="com.acttime.reporttest.GroupExecution"/>
  <testcase name="deleteReportTest" time="0.000" classname="com.acttime.reporttest.GroupExecution"/>
</testsuite> <!-- com.acttime.reporttest.GroupExecution -->
